{"level":"error","message":"Uncaught Exception: accountSid must start with AC","stack":"Error: accountSid must start with AC\n    at new Client (/root/git/verificationSim/Server/node_modules/twilio/lib/base/BaseTwilio.js:71:23)\n    at new Twilio (/root/git/verificationSim/Server/node_modules/twilio/lib/rest/Twilio.js:33:9)\n    at TwilioSDK (/root/git/verificationSim/Server/node_modules/twilio/lib/index.js:40:12)\n    at file:///root/git/verificationSim/Server/index.js:21:16\n    at ModuleJob.run (node:internal/modules/esm/module_job:271:25)\n    at async onImport.tracePromise.__proto__ (node:internal/modules/esm/loader:547:26)\n    at async asyncRunEntryPointWithESMLoader (node:internal/modules/run_main:116:5)","timestamp":"2025-08-13T11:22:37.883Z"}
{"level":"error","message":"Uncaught Exception:","timestamp":"2025-08-13T11:22:37.886Z"}
{"level":"error","message":"Uncaught Exception: Router.use() requires a middleware function but got a Object","stack":"TypeError: Router.use() requires a middleware function but got a Object\n    at Function.use (/root/git/verificationSim/Server/node_modules/express/lib/router/index.js:469:13)\n    at Function.<anonymous> (/root/git/verificationSim/Server/node_modules/express/lib/application.js:227:21)\n    at Array.forEach (<anonymous>)\n    at Function.use (/root/git/verificationSim/Server/node_modules/express/lib/application.js:224:7)\n    at file:///root/git/verificationSim/Server/index.js:27:5\n    at ModuleJob.run (node:internal/modules/esm/module_job:271:25)\n    at async onImport.tracePromise.__proto__ (node:internal/modules/esm/loader:547:26)\n    at async asyncRunEntryPointWithESMLoader (node:internal/modules/run_main:116:5)","timestamp":"2025-08-14T12:53:20.804Z"}
{"level":"error","message":"Uncaught Exception:","timestamp":"2025-08-14T12:53:20.806Z"}
{"level":"error","message":"Uncaught Exception: Router.use() requires a middleware function but got a Object","stack":"TypeError: Router.use() requires a middleware function but got a Object\n    at Function.use (/root/git/verificationSim/Server/node_modules/express/lib/router/index.js:469:13)\n    at Function.<anonymous> (/root/git/verificationSim/Server/node_modules/express/lib/application.js:227:21)\n    at Array.forEach (<anonymous>)\n    at Function.use (/root/git/verificationSim/Server/node_modules/express/lib/application.js:224:7)\n    at file:///root/git/verificationSim/Server/index.js:22:5\n    at ModuleJob.run (node:internal/modules/esm/module_job:271:25)\n    at async onImport.tracePromise.__proto__ (node:internal/modules/esm/loader:547:26)\n    at async asyncRunEntryPointWithESMLoader (node:internal/modules/run_main:116:5)","timestamp":"2025-08-14T12:53:33.298Z"}
{"level":"error","message":"Uncaught Exception:","timestamp":"2025-08-14T12:53:33.300Z"}
{"level":"error","message":"Uncaught Exception: Router.use() requires a middleware function but got a Object","stack":"TypeError: Router.use() requires a middleware function but got a Object\n    at Function.use (/root/git/verificationSim/Server/node_modules/express/lib/router/index.js:469:13)\n    at Function.<anonymous> (/root/git/verificationSim/Server/node_modules/express/lib/application.js:227:21)\n    at Array.forEach (<anonymous>)\n    at Function.use (/root/git/verificationSim/Server/node_modules/express/lib/application.js:224:7)\n    at file:///root/git/verificationSim/Server/index.js:20:5\n    at ModuleJob.run (node:internal/modules/esm/module_job:271:25)\n    at async onImport.tracePromise.__proto__ (node:internal/modules/esm/loader:547:26)\n    at async asyncRunEntryPointWithESMLoader (node:internal/modules/run_main:116:5)","timestamp":"2025-08-14T12:53:38.109Z"}
{"level":"error","message":"Uncaught Exception:","timestamp":"2025-08-14T12:53:38.112Z"}
{"code":"ENOENT","errno":-2,"level":"error","message":"Uncaught Exception: ENOENT: no such file or directory, open '/root/git/verificationSim/Server/config/config.json'","path":"/root/git/verificationSim/Server/config/config.json","stack":"Error: ENOENT: no such file or directory, open '/root/git/verificationSim/Server/config/config.json'\n    at Object.readFileSync (node:fs:441:20)\n    at file:///root/git/verificationSim/Server/models/index.js:13:30\n    at ModuleJob.run (node:internal/modules/esm/module_job:271:25)\n    at async onImport.tracePromise.__proto__ (node:internal/modules/esm/loader:547:26)\n    at async asyncRunEntryPointWithESMLoader (node:internal/modules/run_main:116:5)","syscall":"open","timestamp":"2025-08-18T15:45:12.631Z"}
{"level":"error","message":"Uncaught Exception:","timestamp":"2025-08-18T15:45:12.635Z"}
{"code":"ENOENT","errno":-2,"level":"error","message":"Uncaught Exception: ENOENT: no such file or directory, open '/root/git/verificationSim/Server/config/config.json'","path":"/root/git/verificationSim/Server/config/config.json","stack":"Error: ENOENT: no such file or directory, open '/root/git/verificationSim/Server/config/config.json'\n    at Object.readFileSync (node:fs:441:20)\n    at file:///root/git/verificationSim/Server/models/index.js:13:30\n    at ModuleJob.run (node:internal/modules/esm/module_job:271:25)\n    at async onImport.tracePromise.__proto__ (node:internal/modules/esm/loader:547:26)\n    at async asyncRunEntryPointWithESMLoader (node:internal/modules/run_main:116:5)","syscall":"open","timestamp":"2025-08-18T15:45:15.771Z"}
{"level":"error","message":"Uncaught Exception:","timestamp":"2025-08-18T15:45:15.774Z"}
{"level":"error","message":"Uncaught Exception: Unexpected token 'i', \"import env\"... is not valid JSON","stack":"SyntaxError: Unexpected token 'i', \"import env\"... is not valid JSON\n    at JSON.parse (<anonymous>)\n    at file:///root/git/verificationSim/Server/models/index.js:13:21\n    at ModuleJob.run (node:internal/modules/esm/module_job:271:25)\n    at async onImport.tracePromise.__proto__ (node:internal/modules/esm/loader:547:26)\n    at async asyncRunEntryPointWithESMLoader (node:internal/modules/run_main:116:5)","timestamp":"2025-08-18T15:45:28.607Z"}
{"level":"error","message":"Uncaught Exception:","timestamp":"2025-08-18T15:45:28.612Z"}
{"level":"error","message":"Uncaught Exception: basename is not defined","stack":"ReferenceError: basename is not defined\n    at file:///root/git/verificationSim/Server/models/index.js:27:16\n    at Array.filter (<anonymous>)\n    at file:///root/git/verificationSim/Server/models/index.js:24:4\n    at ModuleJob.run (node:internal/modules/esm/module_job:271:25)\n    at async onImport.tracePromise.__proto__ (node:internal/modules/esm/loader:547:26)\n    at async asyncRunEntryPointWithESMLoader (node:internal/modules/run_main:116:5)","timestamp":"2025-08-18T15:46:37.458Z"}
{"level":"error","message":"Uncaught Exception:","timestamp":"2025-08-18T15:46:37.461Z"}
{"level":"error","message":"Uncaught Exception: basename is not defined","stack":"ReferenceError: basename is not defined\n    at file:///root/git/verificationSim/Server/models/index.js:27:16\n    at Array.filter (<anonymous>)\n    at file:///root/git/verificationSim/Server/models/index.js:24:4\n    at ModuleJob.run (node:internal/modules/esm/module_job:271:25)\n    at async onImport.tracePromise.__proto__ (node:internal/modules/esm/loader:547:26)\n    at async asyncRunEntryPointWithESMLoader (node:internal/modules/run_main:116:5)","timestamp":"2025-08-18T15:46:59.141Z"}
{"level":"error","message":"Uncaught Exception:","timestamp":"2025-08-18T15:46:59.144Z"}
{"level":"error","message":"Uncaught Exception: basename is not defined","stack":"ReferenceError: basename is not defined\n    at file:///root/git/verificationSim/Server/models/index.js:27:16\n    at Array.filter (<anonymous>)\n    at file:///root/git/verificationSim/Server/models/index.js:24:4\n    at ModuleJob.run (node:internal/modules/esm/module_job:271:25)\n    at async onImport.tracePromise.__proto__ (node:internal/modules/esm/loader:547:26)\n    at async asyncRunEntryPointWithESMLoader (node:internal/modules/run_main:116:5)","timestamp":"2025-08-18T15:47:54.148Z"}
{"level":"error","message":"Uncaught Exception:","timestamp":"2025-08-18T15:47:54.153Z"}
{"level":"error","message":"Uncaught Exception: require is not defined in ES module scope, you can use import instead\nThis file is being treated as an ES module because it has a '.js' file extension and '/root/git/verificationSim/Server/package.json' contains \"type\": \"module\". To treat it as a CommonJS script, rename it to use the '.cjs' file extension.","stack":"ReferenceError: require is not defined in ES module scope, you can use import instead\nThis file is being treated as an ES module because it has a '.js' file extension and '/root/git/verificationSim/Server/package.json' contains \"type\": \"module\". To treat it as a CommonJS script, rename it to use the '.cjs' file extension.\n    at file:///root/git/verificationSim/Server/models/index.js:33:19\n    at Array.forEach (<anonymous>)\n    at file:///root/git/verificationSim/Server/models/index.js:32:4\n    at ModuleJob.run (node:internal/modules/esm/module_job:271:25)\n    at async onImport.tracePromise.__proto__ (node:internal/modules/esm/loader:547:26)\n    at async asyncRunEntryPointWithESMLoader (node:internal/modules/run_main:116:5)","timestamp":"2025-08-18T15:51:21.056Z"}
{"level":"error","message":"Uncaught Exception:","timestamp":"2025-08-18T15:51:21.059Z"}
{"level":"error","message":"Uncaught Exception: require is not defined in ES module scope, you can use import instead\nThis file is being treated as an ES module because it has a '.js' file extension and '/root/git/verificationSim/Server/package.json' contains \"type\": \"module\". To treat it as a CommonJS script, rename it to use the '.cjs' file extension.","stack":"ReferenceError: require is not defined in ES module scope, you can use import instead\nThis file is being treated as an ES module because it has a '.js' file extension and '/root/git/verificationSim/Server/package.json' contains \"type\": \"module\". To treat it as a CommonJS script, rename it to use the '.cjs' file extension.\n    at file:///root/git/verificationSim/Server/models/index.js:33:19\n    at Array.forEach (<anonymous>)\n    at file:///root/git/verificationSim/Server/models/index.js:32:4\n    at ModuleJob.run (node:internal/modules/esm/module_job:271:25)\n    at async onImport.tracePromise.__proto__ (node:internal/modules/esm/loader:547:26)\n    at async asyncRunEntryPointWithESMLoader (node:internal/modules/run_main:116:5)","timestamp":"2025-08-18T15:51:24.563Z"}
{"level":"error","message":"Uncaught Exception:","timestamp":"2025-08-18T15:51:24.566Z"}
{"level":"error","message":"Uncaught Exception: Cannot read properties of undefined (reading 'use_env_variable')","stack":"TypeError: Cannot read properties of undefined (reading 'use_env_variable')\n    at Object.<anonymous> (/root/git/verificationSim/Server/models/index.cjs:13:17)\n    at Module._compile (node:internal/modules/cjs/loader:1565:14)\n    at Object..js (node:internal/modules/cjs/loader:1708:10)\n    at Module.load (node:internal/modules/cjs/loader:1318:32)\n    at Function._load (node:internal/modules/cjs/loader:1128:12)\n    at TracingChannel.traceSync (node:diagnostics_channel:322:14)\n    at wrapModuleLoad (node:internal/modules/cjs/loader:219:24)\n    at cjsLoader (node:internal/modules/esm/translators:263:5)\n    at ModuleWrap.<anonymous> (node:internal/modules/esm/translators:196:7)\n    at ModuleJob.run (node:internal/modules/esm/module_job:271:25)","timestamp":"2025-08-18T16:08:17.749Z"}
{"level":"error","message":"Uncaught Exception:","timestamp":"2025-08-18T16:08:17.754Z"}
{"level":"error","message":"Uncaught Exception: Cannot read properties of undefined (reading 'use_env_variable')","stack":"TypeError: Cannot read properties of undefined (reading 'use_env_variable')\n    at Object.<anonymous> (/root/git/verificationSim/Server/models/index.cjs:13:17)\n    at Module._compile (node:internal/modules/cjs/loader:1565:14)\n    at Object..js (node:internal/modules/cjs/loader:1708:10)\n    at Module.load (node:internal/modules/cjs/loader:1318:32)\n    at Function._load (node:internal/modules/cjs/loader:1128:12)\n    at TracingChannel.traceSync (node:diagnostics_channel:322:14)\n    at wrapModuleLoad (node:internal/modules/cjs/loader:219:24)\n    at cjsLoader (node:internal/modules/esm/translators:263:5)\n    at ModuleWrap.<anonymous> (node:internal/modules/esm/translators:196:7)\n    at ModuleJob.run (node:internal/modules/esm/module_job:271:25)","timestamp":"2025-08-18T16:08:19.937Z"}
{"level":"error","message":"Uncaught Exception:","timestamp":"2025-08-18T16:08:19.939Z"}
{"level":"error","message":"Uncaught Exception: Cannot read properties of undefined (reading 'database')","stack":"TypeError: Cannot read properties of undefined (reading 'database')\n    at Object.<anonymous> (/root/git/verificationSim/Server/models/index.cjs:14:17)\n    at Module._compile (node:internal/modules/cjs/loader:1565:14)\n    at Object..js (node:internal/modules/cjs/loader:1708:10)\n    at Module.load (node:internal/modules/cjs/loader:1318:32)\n    at Function._load (node:internal/modules/cjs/loader:1128:12)\n    at TracingChannel.traceSync (node:diagnostics_channel:322:14)\n    at wrapModuleLoad (node:internal/modules/cjs/loader:219:24)\n    at cjsLoader (node:internal/modules/esm/translators:263:5)\n    at ModuleWrap.<anonymous> (node:internal/modules/esm/translators:196:7)\n    at ModuleJob.run (node:internal/modules/esm/module_job:271:25)","timestamp":"2025-08-18T16:09:02.026Z"}
{"level":"error","message":"Uncaught Exception:","timestamp":"2025-08-18T16:09:02.029Z"}
{"level":"error","message":"Uncaught Exception: Cannot read properties of undefined (reading 'database')","stack":"TypeError: Cannot read properties of undefined (reading 'database')\n    at Object.<anonymous> (/root/git/verificationSim/Server/models/index.cjs:14:17)\n    at Module._compile (node:internal/modules/cjs/loader:1565:14)\n    at Object..js (node:internal/modules/cjs/loader:1708:10)\n    at Module.load (node:internal/modules/cjs/loader:1318:32)\n    at Function._load (node:internal/modules/cjs/loader:1128:12)\n    at TracingChannel.traceSync (node:diagnostics_channel:322:14)\n    at wrapModuleLoad (node:internal/modules/cjs/loader:219:24)\n    at cjsLoader (node:internal/modules/esm/translators:263:5)\n    at ModuleWrap.<anonymous> (node:internal/modules/esm/translators:196:7)\n    at ModuleJob.run (node:internal/modules/esm/module_job:271:25)","timestamp":"2025-08-18T16:09:10.156Z"}
{"level":"error","message":"Uncaught Exception:","timestamp":"2025-08-18T16:09:10.160Z"}
{"level":"error","message":"Uncaught Exception: Cannot read properties of undefined (reading 'database')","stack":"TypeError: Cannot read properties of undefined (reading 'database')\n    at Object.<anonymous> (/root/git/verificationSim/Server/models/index.cjs:14:17)\n    at Module._compile (node:internal/modules/cjs/loader:1565:14)\n    at Object..js (node:internal/modules/cjs/loader:1708:10)\n    at Module.load (node:internal/modules/cjs/loader:1318:32)\n    at Function._load (node:internal/modules/cjs/loader:1128:12)\n    at TracingChannel.traceSync (node:diagnostics_channel:322:14)\n    at wrapModuleLoad (node:internal/modules/cjs/loader:219:24)\n    at cjsLoader (node:internal/modules/esm/translators:263:5)\n    at ModuleWrap.<anonymous> (node:internal/modules/esm/translators:196:7)\n    at ModuleJob.run (node:internal/modules/esm/module_job:271:25)","timestamp":"2025-08-18T16:10:02.695Z"}
{"level":"error","message":"Uncaught Exception:","timestamp":"2025-08-18T16:10:02.698Z"}
{"level":"error","message":"Uncaught Exception: Cannot read properties of undefined (reading 'database')","stack":"TypeError: Cannot read properties of undefined (reading 'database')\n    at Object.<anonymous> (/root/git/verificationSim/Server/models/index.cjs:14:17)\n    at Module._compile (node:internal/modules/cjs/loader:1565:14)\n    at Object..js (node:internal/modules/cjs/loader:1708:10)\n    at Module.load (node:internal/modules/cjs/loader:1318:32)\n    at Function._load (node:internal/modules/cjs/loader:1128:12)\n    at TracingChannel.traceSync (node:diagnostics_channel:322:14)\n    at wrapModuleLoad (node:internal/modules/cjs/loader:219:24)\n    at cjsLoader (node:internal/modules/esm/translators:263:5)\n    at ModuleWrap.<anonymous> (node:internal/modules/esm/translators:196:7)\n    at ModuleJob.run (node:internal/modules/esm/module_job:271:25)","timestamp":"2025-08-18T16:10:39.225Z"}
{"level":"error","message":"Uncaught Exception:","timestamp":"2025-08-18T16:10:39.227Z"}
{"level":"error","message":"Uncaught Exception: Cannot read properties of undefined (reading 'database')","stack":"TypeError: Cannot read properties of undefined (reading 'database')\n    at Object.<anonymous> (/root/git/verificationSim/Server/models/index.cjs:14:17)\n    at Module._compile (node:internal/modules/cjs/loader:1565:14)\n    at Object..js (node:internal/modules/cjs/loader:1708:10)\n    at Module.load (node:internal/modules/cjs/loader:1318:32)\n    at Function._load (node:internal/modules/cjs/loader:1128:12)\n    at TracingChannel.traceSync (node:diagnostics_channel:322:14)\n    at wrapModuleLoad (node:internal/modules/cjs/loader:219:24)\n    at cjsLoader (node:internal/modules/esm/translators:263:5)\n    at ModuleWrap.<anonymous> (node:internal/modules/esm/translators:196:7)\n    at ModuleJob.run (node:internal/modules/esm/module_job:271:25)","timestamp":"2025-08-18T16:12:22.438Z"}
{"level":"error","message":"Uncaught Exception:","timestamp":"2025-08-18T16:12:22.441Z"}
{"level":"error","message":"Uncaught Exception: Cannot read properties of undefined (reading 'database')","stack":"TypeError: Cannot read properties of undefined (reading 'database')\n    at Object.<anonymous> (/root/git/verificationSim/Server/models/index.cjs:14:17)\n    at Module._compile (node:internal/modules/cjs/loader:1565:14)\n    at Object..js (node:internal/modules/cjs/loader:1708:10)\n    at Module.load (node:internal/modules/cjs/loader:1318:32)\n    at Function._load (node:internal/modules/cjs/loader:1128:12)\n    at TracingChannel.traceSync (node:diagnostics_channel:322:14)\n    at wrapModuleLoad (node:internal/modules/cjs/loader:219:24)\n    at cjsLoader (node:internal/modules/esm/translators:263:5)\n    at ModuleWrap.<anonymous> (node:internal/modules/esm/translators:196:7)\n    at ModuleJob.run (node:internal/modules/esm/module_job:271:25)","timestamp":"2025-08-18T16:12:39.226Z"}
{"level":"error","message":"Uncaught Exception:","timestamp":"2025-08-18T16:12:39.229Z"}
{"level":"error","message":"Uncaught Exception: Cannot read properties of undefined (reading 'database')","stack":"TypeError: Cannot read properties of undefined (reading 'database')\n    at Object.<anonymous> (/root/git/verificationSim/Server/models/index.cjs:14:17)\n    at Module._compile (node:internal/modules/cjs/loader:1565:14)\n    at Object..js (node:internal/modules/cjs/loader:1708:10)\n    at Module.load (node:internal/modules/cjs/loader:1318:32)\n    at Function._load (node:internal/modules/cjs/loader:1128:12)\n    at TracingChannel.traceSync (node:diagnostics_channel:322:14)\n    at wrapModuleLoad (node:internal/modules/cjs/loader:219:24)\n    at cjsLoader (node:internal/modules/esm/translators:263:5)\n    at ModuleWrap.<anonymous> (node:internal/modules/esm/translators:196:7)\n    at ModuleJob.run (node:internal/modules/esm/module_job:271:25)","timestamp":"2025-08-18T16:13:58.341Z"}
{"level":"error","message":"Uncaught Exception:","timestamp":"2025-08-18T16:13:58.348Z"}
{"level":"error","message":"Uncaught Exception: Cannot read properties of undefined (reading 'database')","stack":"TypeError: Cannot read properties of undefined (reading 'database')\n    at Object.<anonymous> (/root/git/verificationSim/Server/models/index.cjs:15:17)\n    at Module._compile (node:internal/modules/cjs/loader:1565:14)\n    at Object..js (node:internal/modules/cjs/loader:1708:10)\n    at Module.load (node:internal/modules/cjs/loader:1318:32)\n    at Function._load (node:internal/modules/cjs/loader:1128:12)\n    at TracingChannel.traceSync (node:diagnostics_channel:322:14)\n    at wrapModuleLoad (node:internal/modules/cjs/loader:219:24)\n    at cjsLoader (node:internal/modules/esm/translators:263:5)\n    at ModuleWrap.<anonymous> (node:internal/modules/esm/translators:196:7)\n    at ModuleJob.run (node:internal/modules/esm/module_job:271:25)","timestamp":"2025-08-18T16:14:00.855Z"}
{"level":"error","message":"Uncaught Exception:","timestamp":"2025-08-18T16:14:00.859Z"}
{"level":"error","message":"Uncaught Exception: Cannot read properties of undefined (reading 'database')","stack":"TypeError: Cannot read properties of undefined (reading 'database')\n    at Object.<anonymous> (/root/git/verificationSim/Server/models/index.cjs:15:17)\n    at Module._compile (node:internal/modules/cjs/loader:1565:14)\n    at Object..js (node:internal/modules/cjs/loader:1708:10)\n    at Module.load (node:internal/modules/cjs/loader:1318:32)\n    at Function._load (node:internal/modules/cjs/loader:1128:12)\n    at TracingChannel.traceSync (node:diagnostics_channel:322:14)\n    at wrapModuleLoad (node:internal/modules/cjs/loader:219:24)\n    at cjsLoader (node:internal/modules/esm/translators:263:5)\n    at ModuleWrap.<anonymous> (node:internal/modules/esm/translators:196:7)\n    at ModuleJob.run (node:internal/modules/esm/module_job:271:25)","timestamp":"2025-08-18T16:16:14.221Z"}
{"level":"error","message":"Uncaught Exception:","timestamp":"2025-08-18T16:16:14.224Z"}
{"level":"error","message":"Uncaught Exception: Cannot read properties of undefined (reading 'database')","stack":"TypeError: Cannot read properties of undefined (reading 'database')\n    at Object.<anonymous> (/root/git/verificationSim/Server/models/index.cjs:14:38)\n    at Module._compile (node:internal/modules/cjs/loader:1565:14)\n    at Object..js (node:internal/modules/cjs/loader:1708:10)\n    at Module.load (node:internal/modules/cjs/loader:1318:32)\n    at Function._load (node:internal/modules/cjs/loader:1128:12)\n    at TracingChannel.traceSync (node:diagnostics_channel:322:14)\n    at wrapModuleLoad (node:internal/modules/cjs/loader:219:24)\n    at cjsLoader (node:internal/modules/esm/translators:263:5)\n    at ModuleWrap.<anonymous> (node:internal/modules/esm/translators:196:7)\n    at ModuleJob.run (node:internal/modules/esm/module_job:271:25)","timestamp":"2025-08-18T16:17:18.928Z"}
{"level":"error","message":"Uncaught Exception:","timestamp":"2025-08-18T16:17:18.931Z"}
{"level":"error","message":"Uncaught Exception: Cannot read properties of undefined (reading 'database')","stack":"TypeError: Cannot read properties of undefined (reading 'database')\n    at Object.<anonymous> (/root/git/verificationSim/Server/models/index.cjs:14:38)\n    at Module._compile (node:internal/modules/cjs/loader:1565:14)\n    at Object..js (node:internal/modules/cjs/loader:1708:10)\n    at Module.load (node:internal/modules/cjs/loader:1318:32)\n    at Function._load (node:internal/modules/cjs/loader:1128:12)\n    at TracingChannel.traceSync (node:diagnostics_channel:322:14)\n    at wrapModuleLoad (node:internal/modules/cjs/loader:219:24)\n    at cjsLoader (node:internal/modules/esm/translators:263:5)\n    at ModuleWrap.<anonymous> (node:internal/modules/esm/translators:196:7)\n    at ModuleJob.run (node:internal/modules/esm/module_job:271:25)","timestamp":"2025-08-18T16:17:28.806Z"}
{"level":"error","message":"Uncaught Exception:","timestamp":"2025-08-18T16:17:28.809Z"}
{"level":"error","message":"Uncaught Exception: Cannot read properties of undefined (reading 'database')","stack":"TypeError: Cannot read properties of undefined (reading 'database')\n    at Object.<anonymous> (/root/git/verificationSim/Server/models/index.cjs:14:38)\n    at Module._compile (node:internal/modules/cjs/loader:1565:14)\n    at Object..js (node:internal/modules/cjs/loader:1708:10)\n    at Module.load (node:internal/modules/cjs/loader:1318:32)\n    at Function._load (node:internal/modules/cjs/loader:1128:12)\n    at TracingChannel.traceSync (node:diagnostics_channel:322:14)\n    at wrapModuleLoad (node:internal/modules/cjs/loader:219:24)\n    at cjsLoader (node:internal/modules/esm/translators:263:5)\n    at ModuleWrap.<anonymous> (node:internal/modules/esm/translators:196:7)\n    at ModuleJob.run (node:internal/modules/esm/module_job:271:25)","timestamp":"2025-08-18T16:17:44.501Z"}
{"level":"error","message":"Uncaught Exception:","timestamp":"2025-08-18T16:17:44.504Z"}
{"level":"error","message":"Uncaught Exception: Cannot read properties of undefined (reading 'database')","stack":"TypeError: Cannot read properties of undefined (reading 'database')\n    at Object.<anonymous> (/root/git/verificationSim/Server/models/index.cjs:14:38)\n    at Module._compile (node:internal/modules/cjs/loader:1565:14)\n    at Object..js (node:internal/modules/cjs/loader:1708:10)\n    at Module.load (node:internal/modules/cjs/loader:1318:32)\n    at Function._load (node:internal/modules/cjs/loader:1128:12)\n    at TracingChannel.traceSync (node:diagnostics_channel:322:14)\n    at wrapModuleLoad (node:internal/modules/cjs/loader:219:24)\n    at cjsLoader (node:internal/modules/esm/translators:263:5)\n    at ModuleWrap.<anonymous> (node:internal/modules/esm/translators:196:7)\n    at ModuleJob.run (node:internal/modules/esm/module_job:271:25)","timestamp":"2025-08-18T16:17:46.835Z"}
{"level":"error","message":"Uncaught Exception:","timestamp":"2025-08-18T16:17:46.837Z"}
{"level":"error","message":"Uncaught Exception: Cannot read properties of undefined (reading 'database')","stack":"TypeError: Cannot read properties of undefined (reading 'database')\n    at Object.<anonymous> (/root/git/verificationSim/Server/models/index.cjs:16:38)\n    at Module._compile (node:internal/modules/cjs/loader:1565:14)\n    at Object..js (node:internal/modules/cjs/loader:1708:10)\n    at Module.load (node:internal/modules/cjs/loader:1318:32)\n    at Function._load (node:internal/modules/cjs/loader:1128:12)\n    at TracingChannel.traceSync (node:diagnostics_channel:322:14)\n    at wrapModuleLoad (node:internal/modules/cjs/loader:219:24)\n    at cjsLoader (node:internal/modules/esm/translators:263:5)\n    at ModuleWrap.<anonymous> (node:internal/modules/esm/translators:196:7)\n    at ModuleJob.run (node:internal/modules/esm/module_job:271:25)","timestamp":"2025-08-18T16:17:57.678Z"}
{"level":"error","message":"Uncaught Exception:","timestamp":"2025-08-18T16:17:57.681Z"}
{"level":"error","message":"Uncaught Exception: Cannot read properties of undefined (reading 'database')","stack":"TypeError: Cannot read properties of undefined (reading 'database')\n    at Object.<anonymous> (/root/git/verificationSim/Server/models/index.cjs:16:38)\n    at Module._compile (node:internal/modules/cjs/loader:1565:14)\n    at Object..js (node:internal/modules/cjs/loader:1708:10)\n    at Module.load (node:internal/modules/cjs/loader:1318:32)\n    at Function._load (node:internal/modules/cjs/loader:1128:12)\n    at TracingChannel.traceSync (node:diagnostics_channel:322:14)\n    at wrapModuleLoad (node:internal/modules/cjs/loader:219:24)\n    at cjsLoader (node:internal/modules/esm/translators:263:5)\n    at ModuleWrap.<anonymous> (node:internal/modules/esm/translators:196:7)\n    at ModuleJob.run (node:internal/modules/esm/module_job:271:25)","timestamp":"2025-08-18T16:17:59.767Z"}
{"level":"error","message":"Uncaught Exception:","timestamp":"2025-08-18T16:17:59.770Z"}
{"level":"error","message":"Uncaught Exception: Cannot read properties of undefined (reading 'database')","stack":"TypeError: Cannot read properties of undefined (reading 'database')\n    at Object.<anonymous> (/root/git/verificationSim/Server/models/index.cjs:16:38)\n    at Module._compile (node:internal/modules/cjs/loader:1565:14)\n    at Object..js (node:internal/modules/cjs/loader:1708:10)\n    at Module.load (node:internal/modules/cjs/loader:1318:32)\n    at Function._load (node:internal/modules/cjs/loader:1128:12)\n    at TracingChannel.traceSync (node:diagnostics_channel:322:14)\n    at wrapModuleLoad (node:internal/modules/cjs/loader:219:24)\n    at cjsLoader (node:internal/modules/esm/translators:263:5)\n    at ModuleWrap.<anonymous> (node:internal/modules/esm/translators:196:7)\n    at ModuleJob.run (node:internal/modules/esm/module_job:271:25)","timestamp":"2025-08-18T16:18:22.468Z"}
{"level":"error","message":"Uncaught Exception:","timestamp":"2025-08-18T16:18:22.471Z"}
{"level":"error","message":"Uncaught Exception: Cannot read properties of undefined (reading 'database')","stack":"TypeError: Cannot read properties of undefined (reading 'database')\n    at Object.<anonymous> (/root/git/verificationSim/Server/models/index.cjs:16:38)\n    at Module._compile (node:internal/modules/cjs/loader:1565:14)\n    at Object..js (node:internal/modules/cjs/loader:1708:10)\n    at Module.load (node:internal/modules/cjs/loader:1318:32)\n    at Function._load (node:internal/modules/cjs/loader:1128:12)\n    at TracingChannel.traceSync (node:diagnostics_channel:322:14)\n    at wrapModuleLoad (node:internal/modules/cjs/loader:219:24)\n    at cjsLoader (node:internal/modules/esm/translators:263:5)\n    at ModuleWrap.<anonymous> (node:internal/modules/esm/translators:196:7)\n    at ModuleJob.run (node:internal/modules/esm/module_job:271:25)","timestamp":"2025-08-18T16:18:25.250Z"}
{"level":"error","message":"Uncaught Exception:","timestamp":"2025-08-18T16:18:25.252Z"}
{"level":"error","message":"Uncaught Exception: require(...) is not a function","stack":"TypeError: require(...) is not a function\n    at /root/git/verificationSim/Server/models/index.cjs:34:54\n    at Array.forEach (<anonymous>)\n    at Object.<anonymous> (/root/git/verificationSim/Server/models/index.cjs:33:4)\n    at Module._compile (node:internal/modules/cjs/loader:1565:14)\n    at Object..js (node:internal/modules/cjs/loader:1708:10)\n    at Module.load (node:internal/modules/cjs/loader:1318:32)\n    at Function._load (node:internal/modules/cjs/loader:1128:12)\n    at TracingChannel.traceSync (node:diagnostics_channel:322:14)\n    at wrapModuleLoad (node:internal/modules/cjs/loader:219:24)\n    at cjsLoader (node:internal/modules/esm/translators:263:5)","timestamp":"2025-08-18T16:18:32.220Z"}
{"level":"error","message":"Uncaught Exception:","timestamp":"2025-08-18T16:18:32.222Z"}
{"level":"error","message":"Uncaught Exception: require(...) is not a function","stack":"TypeError: require(...) is not a function\n    at /root/git/verificationSim/Server/models/index.cjs:34:54\n    at Array.forEach (<anonymous>)\n    at Object.<anonymous> (/root/git/verificationSim/Server/models/index.cjs:33:4)\n    at Module._compile (node:internal/modules/cjs/loader:1565:14)\n    at Object..js (node:internal/modules/cjs/loader:1708:10)\n    at Module.load (node:internal/modules/cjs/loader:1318:32)\n    at Function._load (node:internal/modules/cjs/loader:1128:12)\n    at TracingChannel.traceSync (node:diagnostics_channel:322:14)\n    at wrapModuleLoad (node:internal/modules/cjs/loader:219:24)\n    at cjsLoader (node:internal/modules/esm/translators:263:5)","timestamp":"2025-08-18T16:18:34.831Z"}
{"level":"error","message":"Uncaught Exception:","timestamp":"2025-08-18T16:18:34.836Z"}
{"level":"error","message":"Uncaught Exception: Cannot use import statement outside a module","stack":"/root/git/verificationSim/Server/models/index.cjs:5\nimport fs from 'fs';\n^^^^^^\n\nSyntaxError: Cannot use import statement outside a module\n    at wrapSafe (node:internal/modules/cjs/loader:1515:18)\n    at Module._compile (node:internal/modules/cjs/loader:1537:20)\n    at Object..js (node:internal/modules/cjs/loader:1708:10)\n    at Module.load (node:internal/modules/cjs/loader:1318:32)\n    at Function._load (node:internal/modules/cjs/loader:1128:12)\n    at TracingChannel.traceSync (node:diagnostics_channel:322:14)\n    at wrapModuleLoad (node:internal/modules/cjs/loader:219:24)\n    at cjsLoader (node:internal/modules/esm/translators:263:5)\n    at ModuleWrap.<anonymous> (node:internal/modules/esm/translators:196:7)\n    at ModuleJob.run (node:internal/modules/esm/module_job:271:25)","timestamp":"2025-08-18T16:20:54.664Z"}
{"level":"error","message":"Uncaught Exception:","timestamp":"2025-08-18T16:20:54.666Z"}
{"level":"error","message":"Uncaught Exception: Cannot use import statement outside a module","stack":"/root/git/verificationSim/Server/models/index.cjs:5\nimport fs from 'fs';\n^^^^^^\n\nSyntaxError: Cannot use import statement outside a module\n    at wrapSafe (node:internal/modules/cjs/loader:1515:18)\n    at Module._compile (node:internal/modules/cjs/loader:1537:20)\n    at Object..js (node:internal/modules/cjs/loader:1708:10)\n    at Module.load (node:internal/modules/cjs/loader:1318:32)\n    at Function._load (node:internal/modules/cjs/loader:1128:12)\n    at TracingChannel.traceSync (node:diagnostics_channel:322:14)\n    at wrapModuleLoad (node:internal/modules/cjs/loader:219:24)\n    at cjsLoader (node:internal/modules/esm/translators:263:5)\n    at ModuleWrap.<anonymous> (node:internal/modules/esm/translators:196:7)\n    at ModuleJob.run (node:internal/modules/esm/module_job:271:25)","timestamp":"2025-08-18T16:20:59.547Z"}
{"level":"error","message":"Uncaught Exception:","timestamp":"2025-08-18T16:20:59.549Z"}
{"level":"error","message":"Uncaught Exception: db.sequelize.authenticate(...) is not a function","stack":"TypeError: db.sequelize.authenticate(...) is not a function\n    at file:///root/git/verificationSim/Server/index.js:28:28\n    at ModuleJob.run (node:internal/modules/esm/module_job:271:25)\n    at async onImport.tracePromise.__proto__ (node:internal/modules/esm/loader:547:26)\n    at async asyncRunEntryPointWithESMLoader (node:internal/modules/run_main:116:5)","timestamp":"2025-08-18T16:21:19.192Z"}
{"level":"error","message":"Uncaught Exception:","timestamp":"2025-08-18T16:21:19.197Z"}
{"level":"error","message":"Uncaught Exception: db.sequelize.authenticate(...) is not a function","stack":"TypeError: db.sequelize.authenticate(...) is not a function\n    at file:///root/git/verificationSim/Server/index.js:28:28\n    at ModuleJob.run (node:internal/modules/esm/module_job:271:25)\n    at async onImport.tracePromise.__proto__ (node:internal/modules/esm/loader:547:26)\n    at async asyncRunEntryPointWithESMLoader (node:internal/modules/run_main:116:5)","timestamp":"2025-08-18T16:21:21.315Z"}
{"level":"error","message":"Uncaught Exception:","timestamp":"2025-08-18T16:21:21.318Z"}
{"level":"error","message":"Uncaught Exception: multer is not defined","stack":"ReferenceError: multer is not defined\n    at file:///root/git/verificationSim/Server/routes/phoneNumbers.routes.js:6:16\n    at ModuleJob.run (node:internal/modules/esm/module_job:271:25)\n    at async onImport.tracePromise.__proto__ (node:internal/modules/esm/loader:547:26)\n    at async asyncRunEntryPointWithESMLoader (node:internal/modules/run_main:116:5)","timestamp":"2025-08-20T22:20:18.760Z"}
{"level":"error","message":"Uncaught Exception:","timestamp":"2025-08-20T22:20:18.766Z"}
{"level":"error","message":"Unhandled Rejection at:","timestamp":"2025-08-28T08:24:57.608Z"}
{"level":"error","message":"Unhandled Rejection at:","timestamp":"2025-08-28T08:25:09.713Z"}
{"level":"error","message":"Unhandled Rejection at:","timestamp":"2025-08-28T08:26:05.077Z"}
{"level":"error","message":"Unhandled Rejection at:","timestamp":"2025-08-28T08:40:12.991Z"}
{"level":"error","message":"Unhandled Rejection at:","timestamp":"2025-08-28T08:40:53.841Z"}
{"level":"error","message":"Unhandled Rejection at:","timestamp":"2025-08-28T08:43:00.448Z"}
{"level":"error","message":"Unhandled Rejection at:","timestamp":"2025-08-28T08:43:27.147Z"}
{"level":"error","message":"Unhandled Rejection at:","timestamp":"2025-08-28T08:43:51.017Z"}
{"level":"error","message":"Unhandled Rejection at:","timestamp":"2025-08-28T08:43:56.447Z"}
{"level":"error","message":"Unhandled Rejection at:","timestamp":"2025-08-28T08:44:09.060Z"}
